[14-01-2022 13:30:42.086] (CheckManager) Enabled check chat.Spam
[14-01-2022 13:30:42.091] (CheckManager) Enabled check combat.CombatImpossible
[14-01-2022 13:30:42.093] (CheckManager) Enabled check combat.Angle
[14-01-2022 13:30:42.096] (CheckManager) Enabled check combat.Criticals
[14-01-2022 13:30:42.101] (CheckManager) Enabled check combat.Fastbow
[14-01-2022 13:30:42.107] (CheckManager) Enabled check combat.FightSpeed
[14-01-2022 13:30:42.118] (CheckManager) Enabled check combat.Forcefield
[14-01-2022 13:30:42.123] (CheckManager) Enabled check combat.Knockback
[14-01-2022 13:30:42.125] (CheckManager) Enabled check combat.Reach
[14-01-2022 13:30:42.127] (CheckManager) Enabled check combat.Regen
[14-01-2022 13:30:42.129] (CheckManager) Enabled check combat.FastUse
[14-01-2022 13:30:42.150] (CheckManager) Enabled check combat.KillauraCombined
[14-01-2022 13:30:42.160] (CheckManager) Enabled check movement.BadPackets
[14-01-2022 13:30:42.167] (CheckManager) Enabled check movement.Glide
[14-01-2022 13:30:42.175] (CheckManager) Enabled check movement.NormalMovements
[14-01-2022 13:30:42.243] (CheckManager) Enabled check movement.Speed
[14-01-2022 13:30:42.267] (CheckManager) Enabled check movement.Phase
[14-01-2022 13:30:42.283] (CheckManager) Enabled check movement.Fly
[14-01-2022 13:30:42.293] (CheckManager) Enabled check movement.NoFall
[14-01-2022 13:30:42.299] (CheckManager) Enabled check movement.Climb
[14-01-2022 13:30:42.331] (CheckManager) Enabled check movement.Jesus
[14-01-2022 13:30:42.339] (CheckManager) Enabled check movement.ElytraMove
[14-01-2022 13:30:42.356] (CheckManager) Enabled check movement.BoatFly
[14-01-2022 13:30:42.361] (CheckManager) Enabled check movement.HeadRoll
[14-01-2022 13:30:42.370] (CheckManager) Enabled check world.FastBreak
[14-01-2022 13:30:42.379] (CheckManager) Enabled check world.FastPlace
[14-01-2022 13:30:42.385] (CheckManager) Enabled check world.Nuker
[14-01-2022 13:30:42.388] (CheckManager) Enabled check world.NoSwing
[14-01-2022 13:30:42.393] (CheckManager) Enabled check world.ImpossibleInteract
[14-01-2022 13:30:42.410] AAC has been enabled
