[14-01-2022 12:31:17.686] (CheckManager) Enabled check chat.Spam
[14-01-2022 12:31:17.690] (CheckManager) Enabled check combat.CombatImpossible
[14-01-2022 12:31:17.693] (CheckManager) Enabled check combat.Angle
[14-01-2022 12:31:17.697] (CheckManager) Enabled check combat.Criticals
[14-01-2022 12:31:17.703] (CheckManager) Enabled check combat.Fastbow
[14-01-2022 12:31:17.710] (CheckManager) Enabled check combat.FightSpeed
[14-01-2022 12:31:17.722] (CheckManager) Enabled check combat.Forcefield
[14-01-2022 12:31:17.725] (CheckManager) Enabled check combat.Knockback
[14-01-2022 12:31:17.728] (CheckManager) Enabled check combat.Reach
[14-01-2022 12:31:17.731] (CheckManager) Enabled check combat.Regen
[14-01-2022 12:31:17.732] (CheckManager) Enabled check combat.FastUse
[14-01-2022 12:31:17.755] (CheckManager) Enabled check combat.KillauraCombined
[14-01-2022 12:31:17.762] (CheckManager) Enabled check movement.BadPackets
[14-01-2022 12:31:17.770] (CheckManager) Enabled check movement.Glide
[14-01-2022 12:31:17.775] (CheckManager) Enabled check movement.NormalMovements
[14-01-2022 12:31:17.796] (CheckManager) Enabled check movement.Speed
[14-01-2022 12:31:17.806] (CheckManager) Enabled check movement.Phase
[14-01-2022 12:31:17.813] (CheckManager) Enabled check movement.Fly
[14-01-2022 12:31:17.817] (CheckManager) Enabled check movement.NoFall
[14-01-2022 12:31:17.820] (CheckManager) Enabled check movement.Climb
[14-01-2022 12:31:17.823] (CheckManager) Enabled check movement.Jesus
[14-01-2022 12:31:17.828] (CheckManager) Enabled check movement.ElytraMove
[14-01-2022 12:31:17.831] (CheckManager) Enabled check movement.BoatFly
[14-01-2022 12:31:17.835] (CheckManager) Enabled check movement.HeadRoll
[14-01-2022 12:31:17.842] (CheckManager) Enabled check world.FastBreak
[14-01-2022 12:31:17.846] (CheckManager) Enabled check world.FastPlace
[14-01-2022 12:31:17.850] (CheckManager) Enabled check world.Nuker
[14-01-2022 12:31:17.852] (CheckManager) Enabled check world.NoSwing
[14-01-2022 12:31:17.855] (CheckManager) Enabled check world.ImpossibleInteract
[14-01-2022 12:31:17.864] AAC has been enabled
