[10-01-2022 19:37:30.100] (CheckManager) Enabled check chat.Spam
[10-01-2022 19:37:30.102] (CheckManager) Enabled check combat.CombatImpossible
[10-01-2022 19:37:30.103] (CheckManager) Enabled check combat.Angle
[10-01-2022 19:37:30.104] (CheckManager) Enabled check combat.Criticals
[10-01-2022 19:37:30.106] (CheckManager) Enabled check combat.Fastbow
[10-01-2022 19:37:30.109] (CheckManager) Enabled check combat.FightSpeed
[10-01-2022 19:37:30.116] (CheckManager) Enabled check combat.Forcefield
[10-01-2022 19:37:30.119] (CheckManager) Enabled check combat.Knockback
[10-01-2022 19:37:30.120] (CheckManager) Enabled check combat.Reach
[10-01-2022 19:37:30.121] (CheckManager) Enabled check combat.Regen
[10-01-2022 19:37:30.122] (CheckManager) Enabled check combat.FastUse
[10-01-2022 19:37:30.173] (CheckManager) Enabled check combat.KillauraCombined
[10-01-2022 19:37:30.176] (CheckManager) Enabled check movement.BadPackets
[10-01-2022 19:37:30.179] (CheckManager) Enabled check movement.Glide
[10-01-2022 19:37:30.182] (CheckManager) Enabled check movement.NormalMovements
[10-01-2022 19:37:30.194] (CheckManager) Enabled check movement.Speed
[10-01-2022 19:37:30.200] (CheckManager) Enabled check movement.Phase
[10-01-2022 19:37:30.202] (CheckManager) Enabled check movement.Fly
[10-01-2022 19:37:30.205] (CheckManager) Enabled check movement.NoFall
[10-01-2022 19:37:30.206] (CheckManager) Enabled check movement.Climb
[10-01-2022 19:37:30.207] (CheckManager) Enabled check movement.Jesus
[10-01-2022 19:37:30.208] (CheckManager) Enabled check movement.ElytraMove
[10-01-2022 19:37:30.209] (CheckManager) Enabled check movement.BoatFly
[10-01-2022 19:37:30.211] (CheckManager) Enabled check movement.HeadRoll
[10-01-2022 19:37:30.213] (CheckManager) Enabled check world.FastBreak
[10-01-2022 19:37:30.214] (CheckManager) Enabled check world.FastPlace
[10-01-2022 19:37:30.215] (CheckManager) Enabled check world.Nuker
[10-01-2022 19:37:30.216] (CheckManager) Enabled check world.NoSwing
[10-01-2022 19:37:30.218] (CheckManager) Enabled check world.ImpossibleInteract
[10-01-2022 19:37:30.221] AAC has been enabled
[10-01-2022 19:43:48.544] (TPSManager) TPS dropped to 18.34862385321101
