[09-01-2022 12:23:55.346] (CheckManager) Enabled check chat.Spam
[09-01-2022 12:23:55.348] (CheckManager) Enabled check combat.CombatImpossible
[09-01-2022 12:23:55.349] (CheckManager) Enabled check combat.Angle
[09-01-2022 12:23:55.351] (CheckManager) Enabled check combat.Criticals
[09-01-2022 12:23:55.353] (CheckManager) Enabled check combat.Fastbow
[09-01-2022 12:23:55.356] (CheckManager) Enabled check combat.FightSpeed
[09-01-2022 12:23:55.362] (CheckManager) Enabled check combat.Forcefield
[09-01-2022 12:23:55.363] (CheckManager) Enabled check combat.Knockback
[09-01-2022 12:23:55.365] (CheckManager) Enabled check combat.Reach
[09-01-2022 12:23:55.365] (CheckManager) Enabled check combat.Regen
[09-01-2022 12:23:55.366] (CheckManager) Enabled check combat.FastUse
[09-01-2022 12:23:55.375] (CheckManager) Enabled check combat.KillauraCombined
[09-01-2022 12:23:55.379] (CheckManager) Enabled check movement.BadPackets
[09-01-2022 12:23:55.382] (CheckManager) Enabled check movement.Glide
[09-01-2022 12:23:55.385] (CheckManager) Enabled check movement.NormalMovements
[09-01-2022 12:23:55.415] (CheckManager) Enabled check movement.Speed
[09-01-2022 12:23:55.423] (CheckManager) Enabled check movement.Phase
[09-01-2022 12:23:55.427] (CheckManager) Enabled check movement.Fly
[09-01-2022 12:23:55.429] (CheckManager) Enabled check movement.NoFall
[09-01-2022 12:23:55.430] (CheckManager) Enabled check movement.Climb
[09-01-2022 12:23:55.431] (CheckManager) Enabled check movement.Jesus
[09-01-2022 12:23:55.433] (CheckManager) Enabled check movement.ElytraMove
[09-01-2022 12:23:55.434] (CheckManager) Enabled check movement.BoatFly
[09-01-2022 12:23:55.436] (CheckManager) Enabled check movement.HeadRoll
[09-01-2022 12:23:55.438] (CheckManager) Enabled check world.FastBreak
[09-01-2022 12:23:55.439] (CheckManager) Enabled check world.FastPlace
[09-01-2022 12:23:55.441] (CheckManager) Enabled check world.Nuker
[09-01-2022 12:23:55.442] (CheckManager) Enabled check world.NoSwing
[09-01-2022 12:23:55.443] (CheckManager) Enabled check world.ImpossibleInteract
[09-01-2022 12:23:55.447] AAC has been enabled
[09-01-2022 12:23:56.111] (TPSManager) TPS dropped to 16.666666666666668
[09-01-2022 12:23:56.112] (CheckManager) Disabled check movement.BadPackets
[09-01-2022 12:23:56.113] (CheckManager) Disabled check combat.FightSpeed
[09-01-2022 12:23:56.114] (CheckManager) Disabled check combat.Reach
[09-01-2022 12:23:56.115] (CheckManager) Disabled check combat.Angle
[09-01-2022 12:23:56.759] (CheckManager) Enabled check combat.FightSpeed
[09-01-2022 12:23:56.760] (CheckManager) Enabled check combat.Reach
[09-01-2022 12:23:56.761] (CheckManager) Enabled check combat.Angle
[09-01-2022 12:23:56.763] (CheckManager) Enabled check movement.BadPackets
[09-01-2022 12:23:59.110] (TPSManager) TPS dropped to 6.633499170812604
[09-01-2022 12:23:59.111] (CheckManager) Disabled check movement.BadPackets
[09-01-2022 12:23:59.111] (CheckManager) Disabled check combat.FightSpeed
[09-01-2022 12:23:59.111] (CheckManager) Disabled check combat.Reach
[09-01-2022 12:23:59.111] (CheckManager) Disabled check combat.Angle
[09-01-2022 12:23:59.412] (CheckManager) Enabled check combat.FightSpeed
[09-01-2022 12:23:59.413] (CheckManager) Enabled check combat.Reach
[09-01-2022 12:23:59.413] (CheckManager) Enabled check combat.Angle
[09-01-2022 12:23:59.414] (CheckManager) Enabled check movement.BadPackets
[09-01-2022 12:25:50.010] (TPSManager) TPS dropped to 4.310344827586207
[09-01-2022 12:25:50.011] (CheckManager) Disabled check movement.BadPackets
[09-01-2022 12:25:50.011] (CheckManager) Disabled check combat.FightSpeed
[09-01-2022 12:25:50.011] (CheckManager) Disabled check combat.Reach
[09-01-2022 12:25:50.011] (CheckManager) Disabled check combat.Angle
[09-01-2022 12:25:50.028] (CheckManager) Enabled check combat.FightSpeed
[09-01-2022 12:25:50.029] (CheckManager) Enabled check combat.Reach
[09-01-2022 12:25:50.029] (CheckManager) Enabled check combat.Angle
[09-01-2022 12:25:50.030] (CheckManager) Enabled check movement.BadPackets
[09-01-2022 12:25:59.226] (TPSManager) TPS dropped to 9.732360097323602
[09-01-2022 12:25:59.227] (CheckManager) Disabled check movement.BadPackets
[09-01-2022 12:25:59.227] (CheckManager) Disabled check combat.FightSpeed
[09-01-2022 12:25:59.227] (CheckManager) Disabled check combat.Reach
[09-01-2022 12:25:59.227] (CheckManager) Disabled check combat.Angle
[09-01-2022 12:25:59.765] (CheckManager) Enabled check combat.FightSpeed
[09-01-2022 12:25:59.765] (CheckManager) Enabled check combat.Reach
[09-01-2022 12:25:59.766] (CheckManager) Enabled check combat.Angle
[09-01-2022 12:25:59.767] (CheckManager) Enabled check movement.BadPackets
