[09-01-2022 18:32:46.280] (CheckManager) Enabled check movement.BadPackets
[09-01-2022 18:32:46.282] (CheckManager) Enabled check combat.Criticals
[09-01-2022 18:32:46.284] (CheckManager) Enabled check movement.ElytraMove
[09-01-2022 18:32:46.285] (CheckManager) Enabled check movement.HeadRoll
[09-01-2022 18:32:46.291] (CheckManager) Enabled check chat.Spam
[09-01-2022 18:32:46.346] (CheckManager) Enabled check movement.Fly
[09-01-2022 18:32:46.348] (CheckManager) Enabled check combat.FastUse
[09-01-2022 18:32:46.349] (CheckManager) Enabled check combat.Fastbow
[09-01-2022 18:32:46.352] (CheckManager) Enabled check movement.NormalMovements
[09-01-2022 18:32:46.354] (CheckManager) Enabled check world.NoSwing
[09-01-2022 18:32:46.355] (CheckManager) Enabled check combat.Knockback
[09-01-2022 18:32:46.360] (CheckManager) Enabled check combat.Forcefield
[09-01-2022 18:32:46.363] (CheckManager) Enabled check movement.Glide
[09-01-2022 18:32:46.365] (CheckManager) Enabled check combat.Regen
[09-01-2022 18:32:46.365] (CheckManager) Enabled check movement.BoatFly
[09-01-2022 18:32:46.367] (CheckManager) Enabled check world.ImpossibleInteract
[09-01-2022 18:32:46.368] (CheckManager) Enabled check combat.CombatImpossible
[09-01-2022 18:32:46.371] (CheckManager) Enabled check movement.NoFall
[09-01-2022 18:32:46.373] (CheckManager) Enabled check combat.FightSpeed
[09-01-2022 18:32:46.374] (CheckManager) Enabled check combat.Reach
[09-01-2022 18:32:46.374] (CheckManager) Enabled check world.FastPlace
[09-01-2022 18:32:46.376] (CheckManager) Enabled check movement.Jesus
[09-01-2022 18:32:46.377] (CheckManager) Enabled check world.Nuker
[09-01-2022 18:32:46.385] (CheckManager) Enabled check combat.KillauraCombined
[09-01-2022 18:32:46.386] (CheckManager) Enabled check movement.Climb
[09-01-2022 18:32:46.387] (CheckManager) Enabled check world.FastBreak
[09-01-2022 18:32:46.392] (CheckManager) Enabled check movement.Phase
[09-01-2022 18:32:46.452] (CheckManager) Enabled check movement.Speed
[09-01-2022 18:32:46.453] (CheckManager) Enabled check combat.Angle
[09-01-2022 18:32:46.461] AAC has been enabled
[09-01-2022 18:32:52.771] (TPSManager) TPS dropped to 8.1799591002045
[09-01-2022 18:32:52.772] (CheckManager) Disabled check movement.BadPackets
[09-01-2022 18:32:52.773] (CheckManager) Disabled check combat.FightSpeed
[09-01-2022 18:32:52.774] (CheckManager) Disabled check combat.Reach
[09-01-2022 18:32:52.774] (CheckManager) Disabled check combat.Angle
[09-01-2022 18:32:53.009] (CheckManager) Enabled check movement.BadPackets
[09-01-2022 18:32:53.009] (CheckManager) Enabled check combat.FightSpeed
[09-01-2022 18:32:53.010] (CheckManager) Enabled check combat.Reach
[09-01-2022 18:32:53.010] (CheckManager) Enabled check combat.Angle
[09-01-2022 18:32:53.694] (TPSManager) TPS dropped to 16.949152542372882
[09-01-2022 18:32:53.694] (CheckManager) Disabled check movement.BadPackets
[09-01-2022 18:32:53.694] (CheckManager) Disabled check combat.FightSpeed
[09-01-2022 18:32:53.694] (CheckManager) Disabled check combat.Reach
[09-01-2022 18:32:53.695] (CheckManager) Disabled check combat.Angle
[09-01-2022 18:32:54.345] (CheckManager) Enabled check movement.BadPackets
[09-01-2022 18:32:54.346] (CheckManager) Enabled check combat.FightSpeed
[09-01-2022 18:32:54.347] (CheckManager) Enabled check combat.Reach
[09-01-2022 18:32:54.347] (CheckManager) Enabled check combat.Angle
[09-01-2022 18:33:10.248] (TPSManager) TPS dropped to 3.666361136571952
[09-01-2022 18:33:10.249] (CheckManager) Disabled check movement.BadPackets
[09-01-2022 18:33:10.250] (CheckManager) Disabled check combat.FightSpeed
[09-01-2022 18:33:10.250] (CheckManager) Disabled check combat.Reach
[09-01-2022 18:33:10.250] (CheckManager) Disabled check combat.Angle
[09-01-2022 18:33:10.658] (CheckManager) Enabled check movement.BadPackets
[09-01-2022 18:33:10.659] (CheckManager) Enabled check combat.FightSpeed
[09-01-2022 18:33:10.659] (CheckManager) Enabled check combat.Reach
[09-01-2022 18:33:10.659] (CheckManager) Enabled check combat.Angle
[09-01-2022 18:33:11.394] (TPSManager) TPS dropped to 14.285714285714286
[09-01-2022 18:33:11.394] (CheckManager) Disabled check movement.BadPackets
[09-01-2022 18:33:11.394] (CheckManager) Disabled check combat.FightSpeed
[09-01-2022 18:33:11.394] (CheckManager) Disabled check combat.Reach
[09-01-2022 18:33:11.394] (CheckManager) Disabled check combat.Angle
[09-01-2022 18:33:12.048] (CheckManager) Enabled check movement.BadPackets
[09-01-2022 18:33:12.049] (CheckManager) Enabled check combat.FightSpeed
[09-01-2022 18:33:12.049] (CheckManager) Enabled check combat.Reach
[09-01-2022 18:33:12.049] (CheckManager) Enabled check combat.Angle
[09-01-2022 18:33:16.632] (TPSManager) TPS dropped to 14.598540145985401
[09-01-2022 18:33:16.633] (CheckManager) Disabled check movement.BadPackets
[09-01-2022 18:33:16.633] (CheckManager) Disabled check combat.FightSpeed
[09-01-2022 18:33:16.633] (CheckManager) Disabled check combat.Reach
[09-01-2022 18:33:16.633] (CheckManager) Disabled check combat.Angle
[09-01-2022 18:33:17.285] (CheckManager) Enabled check movement.BadPackets
[09-01-2022 18:33:17.286] (CheckManager) Enabled check combat.FightSpeed
[09-01-2022 18:33:17.286] (CheckManager) Enabled check combat.Reach
[09-01-2022 18:33:17.287] (CheckManager) Enabled check combat.Angle
[09-01-2022 18:33:28.080] (TPSManager) TPS dropped to 6.279434850863423
[09-01-2022 18:33:28.080] (CheckManager) Disabled check movement.BadPackets
[09-01-2022 18:33:28.080] (CheckManager) Disabled check combat.FightSpeed
[09-01-2022 18:33:28.080] (CheckManager) Disabled check combat.Reach
[09-01-2022 18:33:28.081] (CheckManager) Disabled check combat.Angle
[09-01-2022 18:33:28.390] (CheckManager) Enabled check movement.BadPackets
[09-01-2022 18:33:28.391] (CheckManager) Enabled check combat.FightSpeed
[09-01-2022 18:33:28.391] (CheckManager) Enabled check combat.Reach
[09-01-2022 18:33:28.391] (CheckManager) Enabled check combat.Angle
[09-01-2022 18:33:42.350] (TPSManager) TPS dropped to 9.049773755656108
[09-01-2022 18:33:42.350] (CheckManager) Disabled check movement.BadPackets
[09-01-2022 18:33:42.351] (CheckManager) Disabled check combat.FightSpeed
[09-01-2022 18:33:42.351] (CheckManager) Disabled check combat.Reach
[09-01-2022 18:33:42.351] (CheckManager) Disabled check combat.Angle
[09-01-2022 18:33:42.781] (CheckManager) Enabled check movement.BadPackets
[09-01-2022 18:33:42.782] (CheckManager) Enabled check combat.FightSpeed
[09-01-2022 18:33:42.782] (CheckManager) Enabled check combat.Reach
[09-01-2022 18:33:42.783] (CheckManager) Enabled check combat.Angle
[09-01-2022 18:33:48.771] (TPSManager) TPS dropped to 10.362694300518134
[09-01-2022 18:33:48.772] (CheckManager) Disabled check movement.BadPackets
[09-01-2022 18:33:48.772] (CheckManager) Disabled check combat.FightSpeed
[09-01-2022 18:33:48.772] (CheckManager) Disabled check combat.Reach
[09-01-2022 18:33:48.772] (CheckManager) Disabled check combat.Angle
[09-01-2022 18:33:49.281] (CheckManager) Enabled check movement.BadPackets
[09-01-2022 18:33:49.282] (CheckManager) Enabled check combat.FightSpeed
[09-01-2022 18:33:49.283] (CheckManager) Enabled check combat.Reach
[09-01-2022 18:33:49.283] (CheckManager) Enabled check combat.Angle
[09-01-2022 18:34:14.696] (TPSManager) TPS dropped to 14.084507042253522
[09-01-2022 18:34:14.696] (CheckManager) Disabled check movement.BadPackets
[09-01-2022 18:34:14.696] (CheckManager) Disabled check combat.FightSpeed
[09-01-2022 18:34:14.696] (CheckManager) Disabled check combat.Reach
[09-01-2022 18:34:14.696] (CheckManager) Disabled check combat.Angle
[09-01-2022 18:34:15.347] (CheckManager) Enabled check movement.BadPackets
[09-01-2022 18:34:15.348] (CheckManager) Enabled check combat.FightSpeed
[09-01-2022 18:34:15.348] (CheckManager) Enabled check combat.Reach
[09-01-2022 18:34:15.348] (CheckManager) Enabled check combat.Angle
[09-01-2022 18:34:18.092] (TPSManager) TPS dropped to 10.152284263959391
[09-01-2022 18:34:18.092] (CheckManager) Disabled check movement.BadPackets
[09-01-2022 18:34:18.092] (CheckManager) Disabled check combat.FightSpeed
[09-01-2022 18:34:18.092] (CheckManager) Disabled check combat.Reach
[09-01-2022 18:34:18.093] (CheckManager) Disabled check combat.Angle
[09-01-2022 18:34:18.607] (CheckManager) Enabled check movement.BadPackets
[09-01-2022 18:34:18.608] (CheckManager) Enabled check combat.FightSpeed
[09-01-2022 18:34:18.608] (CheckManager) Enabled check combat.Reach
[09-01-2022 18:34:18.609] (CheckManager) Enabled check combat.Angle
