[14-01-2022 10:15:01.088] (CheckManager) Enabled check chat.Spam
[14-01-2022 10:15:01.090] (CheckManager) Enabled check combat.CombatImpossible
[14-01-2022 10:15:01.091] (CheckManager) Enabled check combat.Angle
[14-01-2022 10:15:01.092] (CheckManager) Enabled check combat.Criticals
[14-01-2022 10:15:01.094] (CheckManager) Enabled check combat.Fastbow
[14-01-2022 10:15:01.097] (CheckManager) Enabled check combat.FightSpeed
[14-01-2022 10:15:01.103] (CheckManager) Enabled check combat.Forcefield
[14-01-2022 10:15:01.105] (CheckManager) Enabled check combat.Knockback
[14-01-2022 10:15:01.106] (CheckManager) Enabled check combat.Reach
[14-01-2022 10:15:01.107] (CheckManager) Enabled check combat.Regen
[14-01-2022 10:15:01.107] (CheckManager) Enabled check combat.FastUse
[14-01-2022 10:15:01.116] (CheckManager) Enabled check combat.KillauraCombined
[14-01-2022 10:15:01.119] (CheckManager) Enabled check movement.BadPackets
[14-01-2022 10:15:01.123] (CheckManager) Enabled check movement.Glide
[14-01-2022 10:15:01.125] (CheckManager) Enabled check movement.NormalMovements
[14-01-2022 10:15:01.137] (CheckManager) Enabled check movement.Speed
[14-01-2022 10:15:01.142] (CheckManager) Enabled check movement.Phase
[14-01-2022 10:15:01.145] (CheckManager) Enabled check movement.Fly
[14-01-2022 10:15:01.178] (CheckManager) Enabled check movement.NoFall
[14-01-2022 10:15:01.179] (CheckManager) Enabled check movement.Climb
[14-01-2022 10:15:01.180] (CheckManager) Enabled check movement.Jesus
[14-01-2022 10:15:01.182] (CheckManager) Enabled check movement.ElytraMove
[14-01-2022 10:15:01.183] (CheckManager) Enabled check movement.BoatFly
[14-01-2022 10:15:01.184] (CheckManager) Enabled check movement.HeadRoll
[14-01-2022 10:15:01.186] (CheckManager) Enabled check world.FastBreak
[14-01-2022 10:15:01.188] (CheckManager) Enabled check world.FastPlace
[14-01-2022 10:15:01.189] (CheckManager) Enabled check world.Nuker
[14-01-2022 10:15:01.190] (CheckManager) Enabled check world.NoSwing
[14-01-2022 10:15:01.191] (CheckManager) Enabled check world.ImpossibleInteract
[14-01-2022 10:15:01.194] AAC has been enabled
[14-01-2022 10:15:21.914] (TPSManager) TPS dropped to 14.925373134328359
[14-01-2022 10:15:21.916] (CheckManager) Disabled check movement.BadPackets
[14-01-2022 10:15:21.916] (CheckManager) Disabled check combat.FightSpeed
[14-01-2022 10:15:21.916] (CheckManager) Disabled check combat.Reach
[14-01-2022 10:15:21.917] (CheckManager) Disabled check combat.Angle
[14-01-2022 10:15:22.543] (CheckManager) Enabled check movement.BadPackets
[14-01-2022 10:15:22.544] (CheckManager) Enabled check combat.FightSpeed
[14-01-2022 10:15:22.544] (CheckManager) Enabled check combat.Angle
[14-01-2022 10:15:22.544] (CheckManager) Enabled check combat.Reach
