[10-01-2022 20:13:35.774] (CheckManager) Enabled check combat.Forcefield
[10-01-2022 20:13:35.776] (CheckManager) Enabled check movement.BoatFly
[10-01-2022 20:13:35.839] (CheckManager) Enabled check movement.Speed
[10-01-2022 20:13:35.844] (CheckManager) Enabled check movement.Jesus
[10-01-2022 20:13:35.858] (CheckManager) Enabled check combat.KillauraCombined
[10-01-2022 20:13:35.859] (CheckManager) Enabled check combat.Regen
[10-01-2022 20:13:35.860] (CheckManager) Enabled check combat.CombatImpossible
[10-01-2022 20:13:35.863] (CheckManager) Enabled check movement.Glide
[10-01-2022 20:13:35.864] (CheckManager) Enabled check combat.Criticals
[10-01-2022 20:13:35.866] (CheckManager) Enabled check movement.NoFall
[10-01-2022 20:13:35.869] (CheckManager) Enabled check world.ImpossibleInteract
[10-01-2022 20:13:35.870] (CheckManager) Enabled check movement.ElytraMove
[10-01-2022 20:13:35.871] (CheckManager) Enabled check world.FastPlace
[10-01-2022 20:13:35.872] (CheckManager) Enabled check world.NoSwing
[10-01-2022 20:13:35.874] (CheckManager) Enabled check movement.NormalMovements
[10-01-2022 20:13:35.878] (CheckManager) Enabled check movement.Phase
[10-01-2022 20:13:35.880] (CheckManager) Enabled check combat.FightSpeed
[10-01-2022 20:13:35.881] (CheckManager) Enabled check world.Nuker
[10-01-2022 20:13:35.882] (CheckManager) Enabled check combat.FastUse
[10-01-2022 20:13:35.883] (CheckManager) Enabled check movement.HeadRoll
[10-01-2022 20:13:35.884] (CheckManager) Enabled check world.FastBreak
[10-01-2022 20:13:35.885] (CheckManager) Enabled check combat.Angle
[10-01-2022 20:13:35.887] (CheckManager) Enabled check combat.Knockback
[10-01-2022 20:13:35.887] (CheckManager) Enabled check combat.Reach
[10-01-2022 20:13:35.889] (CheckManager) Enabled check movement.BadPackets
[10-01-2022 20:13:35.890] (CheckManager) Enabled check combat.Fastbow
[10-01-2022 20:13:35.929] (CheckManager) Enabled check chat.Spam
[10-01-2022 20:13:35.931] (CheckManager) Enabled check movement.Climb
[10-01-2022 20:13:35.936] (CheckManager) Enabled check movement.Fly
[10-01-2022 20:13:35.948] AAC has been enabled
[10-01-2022 20:13:53.949] (TPSManager) TPS dropped to 10.178117048346056
[10-01-2022 20:13:53.950] (CheckManager) Disabled check movement.BadPackets
[10-01-2022 20:13:53.951] (CheckManager) Disabled check combat.FightSpeed
[10-01-2022 20:13:53.952] (CheckManager) Disabled check combat.Reach
[10-01-2022 20:13:53.952] (CheckManager) Disabled check combat.Angle
[10-01-2022 20:13:54.420] (CheckManager) Enabled check combat.FightSpeed
[10-01-2022 20:13:54.420] (CheckManager) Enabled check combat.Angle
[10-01-2022 20:13:54.421] (CheckManager) Enabled check combat.Reach
[10-01-2022 20:13:54.423] (CheckManager) Enabled check movement.BadPackets
[10-01-2022 20:16:39.631] (TPSManager) TPS dropped to 16.877637130801688
[10-01-2022 20:16:39.632] (CheckManager) Disabled check movement.BadPackets
[10-01-2022 20:16:39.632] (CheckManager) Disabled check combat.FightSpeed
[10-01-2022 20:16:39.633] (CheckManager) Disabled check combat.Reach
[10-01-2022 20:16:39.633] (CheckManager) Disabled check combat.Angle
[10-01-2022 20:16:40.300] (CheckManager) Enabled check combat.FightSpeed
[10-01-2022 20:16:40.300] (CheckManager) Enabled check combat.Angle
[10-01-2022 20:16:40.301] (CheckManager) Enabled check combat.Reach
[10-01-2022 20:16:40.302] (CheckManager) Enabled check movement.BadPackets
[10-01-2022 20:21:52.552] (TPSManager) TPS dropped to 16.80672268907563
[10-01-2022 20:21:52.553] (CheckManager) Disabled check movement.BadPackets
[10-01-2022 20:21:52.553] (CheckManager) Disabled check combat.FightSpeed
[10-01-2022 20:21:52.553] (CheckManager) Disabled check combat.Reach
[10-01-2022 20:21:52.553] (CheckManager) Disabled check combat.Angle
[10-01-2022 20:21:53.010] (CheckManager) Enabled check combat.FightSpeed
[10-01-2022 20:21:53.011] (CheckManager) Enabled check combat.Angle
[10-01-2022 20:21:53.011] (CheckManager) Enabled check combat.Reach
[10-01-2022 20:21:53.013] (CheckManager) Enabled check movement.BadPackets
[10-01-2022 20:25:04.930] (TPSManager) TPS dropped to 16.3265306122449
[10-01-2022 20:25:04.930] (CheckManager) Disabled check movement.BadPackets
[10-01-2022 20:25:04.931] (CheckManager) Disabled check combat.FightSpeed
[10-01-2022 20:25:04.931] (CheckManager) Disabled check combat.Reach
[10-01-2022 20:25:04.931] (CheckManager) Disabled check combat.Angle
[10-01-2022 20:25:05.562] (CheckManager) Enabled check combat.FightSpeed
[10-01-2022 20:25:05.563] (CheckManager) Enabled check combat.Angle
[10-01-2022 20:25:05.563] (CheckManager) Enabled check combat.Reach
[10-01-2022 20:25:05.565] (CheckManager) Enabled check movement.BadPackets
