[12-01-2022 06:04:52.186] (CheckManager) Enabled check chat.Spam
[12-01-2022 06:04:52.187] (CheckManager) Enabled check combat.CombatImpossible
[12-01-2022 06:04:52.188] (CheckManager) Enabled check combat.Angle
[12-01-2022 06:04:52.190] (CheckManager) Enabled check combat.Criticals
[12-01-2022 06:04:52.192] (CheckManager) Enabled check combat.Fastbow
[12-01-2022 06:04:52.194] (CheckManager) Enabled check combat.FightSpeed
[12-01-2022 06:04:52.200] (CheckManager) Enabled check combat.Forcefield
[12-01-2022 06:04:52.201] (CheckManager) Enabled check combat.Knockback
[12-01-2022 06:04:52.202] (CheckManager) Enabled check combat.Reach
[12-01-2022 06:04:52.203] (CheckManager) Enabled check combat.Regen
[12-01-2022 06:04:52.204] (CheckManager) Enabled check combat.FastUse
[12-01-2022 06:04:52.212] (CheckManager) Enabled check combat.KillauraCombined
[12-01-2022 06:04:52.215] (CheckManager) Enabled check movement.BadPackets
[12-01-2022 06:04:52.218] (CheckManager) Enabled check movement.Glide
[12-01-2022 06:04:52.220] (CheckManager) Enabled check movement.NormalMovements
[12-01-2022 06:04:52.255] (CheckManager) Enabled check movement.Speed
[12-01-2022 06:04:52.260] (CheckManager) Enabled check movement.Phase
[12-01-2022 06:04:52.263] (CheckManager) Enabled check movement.Fly
[12-01-2022 06:04:52.265] (CheckManager) Enabled check movement.NoFall
[12-01-2022 06:04:52.266] (CheckManager) Enabled check movement.Climb
[12-01-2022 06:04:52.267] (CheckManager) Enabled check movement.Jesus
[12-01-2022 06:04:52.269] (CheckManager) Enabled check movement.ElytraMove
[12-01-2022 06:04:52.270] (CheckManager) Enabled check movement.BoatFly
[12-01-2022 06:04:52.271] (CheckManager) Enabled check movement.HeadRoll
[12-01-2022 06:04:52.273] (CheckManager) Enabled check world.FastBreak
[12-01-2022 06:04:52.275] (CheckManager) Enabled check world.FastPlace
[12-01-2022 06:04:52.276] (CheckManager) Enabled check world.Nuker
[12-01-2022 06:04:52.277] (CheckManager) Enabled check world.NoSwing
[12-01-2022 06:04:52.278] (CheckManager) Enabled check world.ImpossibleInteract
[12-01-2022 06:04:52.281] AAC has been enabled
[12-01-2022 06:05:08.852] (TPSManager) TPS dropped to 6.379585326953748
[12-01-2022 06:05:08.853] (CheckManager) Disabled check movement.BadPackets
[12-01-2022 06:05:08.853] (CheckManager) Disabled check combat.FightSpeed
[12-01-2022 06:05:08.854] (CheckManager) Disabled check combat.Reach
[12-01-2022 06:05:08.854] (CheckManager) Disabled check combat.Angle
[12-01-2022 06:05:09.132] (CheckManager) Enabled check combat.FightSpeed
[12-01-2022 06:05:09.132] (CheckManager) Enabled check combat.Reach
[12-01-2022 06:05:09.133] (CheckManager) Enabled check movement.BadPackets
[12-01-2022 06:05:09.134] (CheckManager) Enabled check combat.Angle
[12-01-2022 06:05:13.116] (TPSManager) TPS dropped to 16.39344262295082
[12-01-2022 06:05:13.124] (CheckManager) Disabled check movement.BadPackets
[12-01-2022 06:05:13.124] (CheckManager) Disabled check combat.FightSpeed
[12-01-2022 06:05:13.124] (CheckManager) Disabled check combat.Reach
[12-01-2022 06:05:13.124] (CheckManager) Disabled check combat.Angle
[12-01-2022 06:05:13.767] (CheckManager) Enabled check combat.FightSpeed
[12-01-2022 06:05:13.768] (CheckManager) Enabled check combat.Reach
[12-01-2022 06:05:13.768] (CheckManager) Enabled check movement.BadPackets
[12-01-2022 06:05:13.769] (CheckManager) Enabled check combat.Angle
[12-01-2022 06:05:21.660] (TPSManager) TPS dropped to 12.158054711246201
[12-01-2022 06:05:21.661] (CheckManager) Disabled check movement.BadPackets
[12-01-2022 06:05:21.661] (CheckManager) Disabled check combat.FightSpeed
[12-01-2022 06:05:21.661] (CheckManager) Disabled check combat.Reach
[12-01-2022 06:05:21.661] (CheckManager) Disabled check combat.Angle
[12-01-2022 06:05:22.267] (CheckManager) Enabled check combat.FightSpeed
[12-01-2022 06:05:22.267] (CheckManager) Enabled check combat.Reach
[12-01-2022 06:05:22.268] (CheckManager) Enabled check movement.BadPackets
[12-01-2022 06:05:22.268] (CheckManager) Enabled check combat.Angle
